Arguments: 
  /Users/camwest/.nvm/versions/node/v6.9.1/bin/node /usr/local/bin/yarn

PATH: 
  /Users/camwest/.nvm/versions/node/v6.9.1/bin:/Users/camwest/.rbenv/shims:/usr/local/sbin:/usr/local/bin:/usr/bin:/bin:/usr/sbin:/sbin:/usr/local/git/bin:/usr/local/go/bin:/Users/camwest/src/git-tf/:/Application/Xcode.app/Contents/Developer/usr/libexec/git-core/:/usr/local/bin:/usr/bin:/bin:/usr/sbin:/sbin:/opt/X11/bin:/usr/local/git/bin:/usr/local/go/bin:/usr/local/etc/TEE-CLC-14.0.2:/Users/camwest/.yarn/bin

Yarn version: 
  0.17.10

Node version: 
  6.9.1

Platform: 
  darwin x64

npm manifest: 
  {
    "name": "react-playground",
    "version": "0.1.0",
    "private": true,
    "devDependencies": {
      "react-scripts": "0.8.0"
    },
    "dependencies": {
      "react": "^15.4.1",
      "react-dom": "^15.4.1",
      "@orion-ui/components": "^1.0.0"
    },
    "scripts": {
      "start": "react-scripts start",
      "build": "react-scripts build",
      "test": "react-scripts test --env=jsdom",
      "eject": "react-scripts eject"
    }
  }

yarn manifest: 
  No manifest

Lockfile: 
  No lockfile

Trace: 
  Error: https://registry.yarnpkg.com/@orion-ui%2fcomponents: Not found
      at Request.params.callback [as _callback] (/usr/local/Cellar/yarn/0.16.1/libexec/lib/node_modules/yarn/updates/0.17.10/lib/util/request-manager.js:309:18)
      at Request.self.callback (/usr/local/Cellar/yarn/0.16.1/libexec/lib/node_modules/yarn/updates/0.17.10/node_modules/request/request.js:186:22)
      at emitTwo (events.js:106:13)
      at Request.emit (events.js:191:7)
      at Request.<anonymous> (/usr/local/Cellar/yarn/0.16.1/libexec/lib/node_modules/yarn/updates/0.17.10/node_modules/request/request.js:1081:10)
      at emitOne (events.js:96:13)
      at Request.emit (events.js:188:7)
      at IncomingMessage.<anonymous> (/usr/local/Cellar/yarn/0.16.1/libexec/lib/node_modules/yarn/updates/0.17.10/node_modules/request/request.js:1001:12)
      at IncomingMessage.g (events.js:291:16)
      at emitNone (events.js:91:20)
